[debug] [2023-05-08T15:45:12.481Z] ----------------------------------------------------------------------
[debug] [2023-05-08T15:45:12.483Z] Command:       /home/jobayer/.nvm/versions/node/v18.3.0/bin/node /home/jobayer/.nvm/versions/node/v18.3.0/bin/firebase deploy
[debug] [2023-05-08T15:45:12.483Z] CLI Version:   11.1.0
[debug] [2023-05-08T15:45:12.483Z] Platform:      linux
[debug] [2023-05-08T15:45:12.483Z] Node Version:  v18.3.0
[debug] [2023-05-08T15:45:12.484Z] Time:          Mon May 08 2023 21:45:12 GMT+0600 (Bangladesh Standard Time)
[debug] [2023-05-08T15:45:12.484Z] ----------------------------------------------------------------------
[debug] 
[debug] [2023-05-08T15:45:12.487Z] >>> [apiv2][query] GET https://firebase-public.firebaseio.com/cli.json [none]
[debug] [2023-05-08T15:45:12.619Z] > command requires scopes: ["email","openid","https://www.googleapis.com/auth/cloudplatformprojects.readonly","https://www.googleapis.com/auth/firebase","https://www.googleapis.com/auth/cloud-platform"]
[debug] [2023-05-08T15:45:12.619Z] > authorizing via signed-in user (jason.bourn.ak@gmail.com)
[debug] [2023-05-08T15:45:12.619Z] [iam] checking project ak-accessories for permissions ["firebase.projects.get","firebasehosting.sites.update"]
[debug] [2023-05-08T15:45:12.620Z] > refreshing access token with scopes: []
[debug] [2023-05-08T15:45:12.621Z] >>> [apiv2][query] POST https://www.googleapis.com/oauth2/v3/token [none]
[debug] [2023-05-08T15:45:12.621Z] >>> [apiv2][body] POST https://www.googleapis.com/oauth2/v3/token [omitted]
[debug] [2023-05-08T15:45:12.849Z] <<< [apiv2][status] POST https://www.googleapis.com/oauth2/v3/token 400
[debug] [2023-05-08T15:45:12.850Z] <<< [apiv2][body] POST https://www.googleapis.com/oauth2/v3/token [omitted]
[debug] [2023-05-08T15:45:12.850Z] >>> [apiv2][query] POST https://cloudresourcemanager.googleapis.com/v1/projects/ak-accessories:testIamPermissions [none]
[debug] [2023-05-08T15:45:12.851Z] >>> [apiv2][body] POST https://cloudresourcemanager.googleapis.com/v1/projects/ak-accessories:testIamPermissions {"permissions":["firebase.projects.get","firebasehosting.sites.update"]}
[debug] [2023-05-08T15:45:13.256Z] <<< [apiv2][status] GET https://firebase-public.firebaseio.com/cli.json 200
[debug] [2023-05-08T15:45:13.257Z] <<< [apiv2][body] GET https://firebase-public.firebaseio.com/cli.json {"cloudBuildErrorAfter":1594252800000,"cloudBuildWarnAfter":1590019200000,"defaultNode10After":1594252800000,"minVersion":"3.0.5","node8DeploysDisabledAfter":1613390400000,"node8RuntimeDisabledAfter":1615809600000,"node8WarnAfter":1600128000000}
[debug] [2023-05-08T15:45:14.294Z] <<< [apiv2][status] POST https://cloudresourcemanager.googleapis.com/v1/projects/ak-accessories:testIamPermissions 401
[debug] [2023-05-08T15:45:14.294Z] <<< [apiv2][body] POST https://cloudresourcemanager.googleapis.com/v1/projects/ak-accessories:testIamPermissions {"error":{"code":401,"message":"Request had invalid authentication credentials. Expected OAuth 2 access token, login cookie or other valid authentication credential. See https://developers.google.com/identity/sign-in/web/devconsole-project.","status":"UNAUTHENTICATED","details":[{"@type":"type.googleapis.com/google.rpc.ErrorInfo","reason":"ACCESS_TOKEN_TYPE_UNSUPPORTED","metadata":{"method":"google.cloudresourcemanager.v1.Projects.TestIamPermissions","service":"cloudresourcemanager.googleapis.com"}}]}}
[debug] [2023-05-08T15:45:14.297Z] [iam] error while checking permissions, command may fail: FirebaseError: HTTP Error: 401, Request had invalid authentication credentials. Expected OAuth 2 access token, login cookie or other valid authentication credential. See https://developers.google.com/identity/sign-in/web/devconsole-project.
[debug] [2023-05-08T15:45:14.299Z] > refreshing access token with scopes: []
[debug] [2023-05-08T15:45:14.300Z] >>> [apiv2][query] POST https://www.googleapis.com/oauth2/v3/token [none]
[debug] [2023-05-08T15:45:14.300Z] >>> [apiv2][body] POST https://www.googleapis.com/oauth2/v3/token [omitted]
[debug] [2023-05-08T15:45:14.532Z] <<< [apiv2][status] POST https://www.googleapis.com/oauth2/v3/token 400
[debug] [2023-05-08T15:45:14.532Z] <<< [apiv2][body] POST https://www.googleapis.com/oauth2/v3/token [omitted]
[debug] [2023-05-08T15:45:14.535Z] >>> [apiv2][query] GET https://firebase.googleapis.com/v1beta1/projects/ak-accessories [none]
[debug] [2023-05-08T15:45:14.915Z] <<< [apiv2][status] GET https://firebase.googleapis.com/v1beta1/projects/ak-accessories 401
[debug] [2023-05-08T15:45:14.915Z] <<< [apiv2][body] GET https://firebase.googleapis.com/v1beta1/projects/ak-accessories {"error":{"code":401,"message":"Request had invalid authentication credentials. Expected OAuth 2 access token, login cookie or other valid authentication credential. See https://developers.google.com/identity/sign-in/web/devconsole-project.","status":"UNAUTHENTICATED"}}
[debug] [2023-05-08T15:45:14.916Z] HTTP Error: 401, Request had invalid authentication credentials. Expected OAuth 2 access token, login cookie or other valid authentication credential. See https://developers.google.com/identity/sign-in/web/devconsole-project.
[debug] [2023-05-08T15:45:15.174Z] FirebaseError: HTTP Error: 401, Request had invalid authentication credentials. Expected OAuth 2 access token, login cookie or other valid authentication credential. See https://developers.google.com/identity/sign-in/web/devconsole-project.
    at responseToError (/home/jobayer/.nvm/versions/node/v18.3.0/lib/node_modules/firebase-tools/lib/responseToError.js:49:12)
    at RetryOperation._fn (/home/jobayer/.nvm/versions/node/v18.3.0/lib/node_modules/firebase-tools/lib/apiv2.js:287:77)
    at process.processTicksAndRejections (node:internal/process/task_queues:95:5)
[error] 
[error] Error: Failed to get Firebase project ak-accessories. Please make sure the project exists and your account has permission to access it.
